1th trial of EI
	1th experiment of EI
	Do not think a good action exsit after 50 queries, force stop, best found was 5.612910032510451
1-th responses:  5.013963997154984
1-th parameter:  [12.2299366   0.06201493  5.66344502  0.42722779  0.88280524]


2-th responses:  4.089652957502619
2-th parameter:  [11.12369015  0.29263076  0.64554654  0.78633054  0.13188574]


3-th responses:  5.014992295254613
3-th parameter:  [12.7555013   0.06803779  6.07458472  0.46772856  0.98499778]


4-th responses:  5.270982373433969
4-th parameter:  [13.25974576  0.07474362  6.51854501  0.50983405  0.85355835]


5-th responses:  5.247111395859328
5-th parameter:  [13.53509447  0.1022611   5.97588763  0.57049387  0.82423851]


6-th responses:  5.28694097163632
6-th parameter:  [13.07968747  0.08164065  7.13418797  0.61701593  0.78861427]


7-th responses:  5.206399638506719
7-th parameter:  [14.64136541  0.08530024  7.11011316  0.53029259  0.77353799]


8-th responses:  5.309207453507263
8-th parameter:  [12.55579473  0.10671554  7.39342096  0.50614091  0.81821359]


9-th responses:  5.357263547945779
9-th parameter:  [12.35969792  0.08685596  6.73586797  0.50436211  0.69661536]


10-th responses:  5.067760286329979
10-th parameter:  [12.08127179  0.06227191  7.9581264   0.47461764  0.73923953]


11-th responses:  5.375023197295044
11-th parameter:  [11.27531838  0.11272591  6.3897727   0.56835774  0.71618858]


12-th responses:  4.971409562391386
12-th parameter:  [12.14288292  0.12899185  6.36226908  0.46023838  0.6624391 ]


13-th responses:  5.405607680270811
13-th parameter:  [11.35802506  0.08363276  6.24469485  0.59741479  0.72788674]


14-th responses:  5.411630987763475
14-th parameter:  [10.56478627  0.11045579  6.99822587  0.62236991  0.8111112 ]


15-th responses:  5.4824819886588045
15-th parameter:  [10.78591434  0.10519611  7.24962571  0.65984662  0.67735756]


16-th responses:  5.495791115143842
16-th parameter:  [9.1587655  0.10796598 6.79608658 0.64031507 0.67368318]


17-th responses:  5.4497616407081475
17-th parameter:  [9.91292296 0.12323661 6.41465368 0.73133638 0.69095025]


18-th responses:  5.465103525994717
18-th parameter:  [9.36561938 0.13616749 7.7023988  0.66699757 0.68229482]


19-th responses:  5.441677798945041
19-th parameter:  [9.4972816  0.1171333  7.1928664  0.69347913 0.54694203]


20-th responses:  5.499808897842433
20-th parameter:  [8.87316463 0.10097042 7.76133315 0.75625039 0.66931198]


21-th responses:  5.460443335318947
21-th parameter:  [8.46180184 0.097533   8.40396104 0.63810033 0.61909082]


22-th responses:  5.453447767085308
22-th parameter:  [7.13786995 0.11723519 7.46081222 0.71263387 0.6351439 ]


23-th responses:  5.497561139922972
23-th parameter:  [7.64024832 0.10313072 8.10124164 0.67944549 0.78011045]


24-th responses:  5.511171771895082
24-th parameter:  [7.23765315 0.06833189 7.58458479 0.70194464 0.70597889]


25-th responses:  5.510635662773172
25-th parameter:  [7.28552078 0.08986082 6.82861503 0.77480366 0.78995499]


26-th responses:  5.502991463224767
26-th parameter:  [6.78520612 0.08318172 8.18046273 0.82096566 0.75540689]


27-th responses:  5.538300332801924
27-th parameter:  [8.06247497 0.06270871 7.85472587 0.78206914 0.83039331]


28-th responses:  5.555664280804313
28-th parameter:  [6.34618655 0.06167369 7.70606003 0.73223278 0.87881122]


29-th responses:  5.548883788706124
29-th parameter:  [7.04294714 0.08606156 7.93025778 0.81053727 0.95547216]


30-th responses:  5.540290292204895
30-th parameter:  [6.62362084 0.05449242 7.29365174 0.87228093 0.91135821]


31-th responses:  5.54735684806217
31-th parameter:  [7.46454004 0.04034704 8.61080068 0.89158564 0.87620278]


32-th responses:  5.5292695258559235
32-th parameter:  [6.90279902 0.04500877 8.53502874 0.80036898 0.98082437]


33-th responses:  5.499320553399521
33-th parameter:  [5.77485833 0.0647217  8.72984686 0.87085801 0.91070502]


34-th responses:  5.5012908374528635
34-th parameter:  [8.44549274 0.06819068 8.98037243 0.94333619 0.97785926]


35-th responses:  5.541014197256169
35-th parameter:  [7.8362021  0.07008506 9.69465095 0.79439788 0.88976295]


36-th responses:  5.516011002358843
36-th parameter:  [6.82375114 0.06577974 6.31744951 0.72874934 0.99713723]


37-th responses:  5.444326969585703
37-th parameter:  [4.98278999 0.0893495  6.59567649 0.78040967 0.94677157]


38-th responses:  5.529247600170275
38-th parameter:  [6.86982693 0.03412325 9.39687818 0.73495654 0.79439909]


39-th responses:  5.566315587884193
39-th parameter:  [6.44477825 0.01071009 7.65642186 0.7836808  0.80314113]


40-th responses:  5.569060226014692
40-th parameter:  [6.58275583 0.02500541 6.13893605 0.73278948 0.84373016]


41-th responses:  5.596398585748908
41-th parameter:  [7.30953303 0.01       7.12287399 0.71669772 0.91871421]


42-th responses:  5.550362651218458
42-th parameter:  [6.38321338 0.0103299  7.30989343 0.61379014 0.83734656]


43-th responses:  5.589758033340883
43-th parameter:  [8.47408104 0.02275239 6.53863192 0.84903538 0.7953015 ]


44-th responses:  5.525025384618285
44-th parameter:  [5.32281219 0.01       6.95147094 0.69923354 0.97250625]


45-th responses:  5.612910032510451
45-th parameter:  [8.1454219  0.01       6.84426483 0.72388696 0.76820504]


46-th responses:  5.599604543964236
46-th parameter:  [8.77642817 0.01       5.75895256 0.75459862 0.87630411]


47-th responses:  5.573970026372322
47-th parameter:  [8.39400987 0.01       5.2857147  0.77517217 0.71949047]


48-th responses:  5.541833986421758
48-th parameter:  [6.24759478 0.01       9.02839694 0.57745994 0.97270224]


49-th responses:  5.578497348218073
49-th parameter:  [7.74231328 0.01       6.83109225 0.82281387 0.60824206]


50-th responses:  5.532272248082722
50-th parameter:  [6.63469328 0.01       5.93623401 0.90295369 0.70070842]


Step 50: best found was 5.612910032510451
	Running time :  13542.207102537155


