1th trial of EI
	1th experiment of EI
	Do not think a good action exsit after 50 queries, force stop, best found was 1.1256730459538193
1-th responses:  1.0991296902688692
1-th parameter:  [2.74787867 0.14690721 4.59253641 0.84447723 0.10315838]


2-th responses:  1.105633471302772
2-th parameter:  [2.48272526 0.19654063 8.2090061  0.59730575 0.45786045]


3-th responses:  1.1051160270300446
3-th parameter:  [2.36419575 0.20368227 9.05641081 0.54242592 0.52825551]


4-th responses:  1.1182526535109627
4-th parameter:  [3.02285367 0.22887014 7.73111843 0.59673464 0.52285161]


5-th responses:  1.1228573274361704
5-th parameter:  [3.33751087 0.24574962 7.35078346 0.60395326 0.54909074]


6-th responses:  1.1196591707357406
6-th parameter:  [2.94171796 0.24421846 6.99344871 0.67180543 0.60048631]


7-th responses:  1.1218364752156145
7-th parameter:  [3.67258989 0.24161496 6.55641646 0.54112534 0.54576153]


8-th responses:  1.1185231858945635
8-th parameter:  [4.75223708 0.24610885 7.22990042 0.61790886 0.51570477]


9-th responses:  1.1105864416877562
9-th parameter:  [2.64526292 0.26691874 7.14233325 0.54874343 0.5145603 ]


10-th responses:  1.1141797107798563
10-th parameter:  [3.88403426 0.23936355 7.35885163 0.567053   0.62902124]


11-th responses:  1.1199551273552348
11-th parameter:  [3.48984783 0.23877343 6.65016829 0.63106014 0.50858894]


12-th responses:  1.1172128601346127
12-th parameter:  [4.04689129 0.22449226 5.44270417 0.44202632 0.52254737]


13-th responses:  1.105181420341987
13-th parameter:  [4.27302742 0.29865095 9.83453751 0.68404597 0.4044989 ]


14-th responses:  1.1232662933267221
14-th parameter:  [14.29874992  0.06025396  0.50018996  0.25140131  0.93042451]


15-th responses:  1.1248077006327772
15-th parameter:  [13.38294325  0.06524458  0.44077559  0.30962152  0.86539702]


16-th responses:  1.1254006905331213
16-th parameter:  [13.87555412  0.05600775  0.          0.3731913   0.92308446]


17-th responses:  1.1050073714608502
17-th parameter:  [14.21445797  0.06069685  1.01367607  0.38650959  0.89764329]


18-th responses:  1.1241859819779325
18-th parameter:  [14.20974159  0.0752356   0.70802045  0.10495807  0.71137959]


19-th responses:  1.1234522981564208
19-th parameter:  [13.09679201  0.0589723   0.          0.27040926  0.89811779]


20-th responses:  1.1252926497286104
20-th parameter:  [11.57273102  0.08327606  0.7647776   0.31043562  0.72120839]


21-th responses:  1.1179312229385179
21-th parameter:  [13.67212824  0.08034464  0.          0.29502466  0.79636575]


22-th responses:  1.0860647218624262
22-th parameter:  [12.14844631  0.06707556  1.3522936   0.25184589  0.78748061]


23-th responses:  1.120899570231325
23-th parameter:  [11.07291178  0.09191492  0.29516947  0.38351516  0.69886203]


24-th responses:  1.1220494722529644
24-th parameter:  [11.35335284  0.09714186  0.69705131  0.26611913  0.62017591]


25-th responses:  1.1240224859651917
25-th parameter:  [15.          0.07571705  0.64254059  0.03551732  0.68124827]


26-th responses:  1.115637692937213
26-th parameter:  [11.90659809  0.14488955  0.34296829  0.31648779  0.78698391]


27-th responses:  1.115182388391112
27-th parameter:  [9.28723717 0.03391994 0.16716462 0.28820083 0.61469722]


28-th responses:  1.1227450484082855
28-th parameter:  [1.24411486e+01 6.90967668e-02 1.23424470e-02 3.80612708e-01
 8.72307688e-01]


29-th responses:  1.122044010915923
29-th parameter:  [13.05418015  0.06640534  0.47495604  0.32707527  0.62448967]


30-th responses:  1.12008408065895
30-th parameter:  [1.41766577e+01 8.88606682e-02 6.99563146e-01 3.47443111e-03
 7.47713923e-01]


31-th responses:  1.1113985300296925
31-th parameter:  [13.94026089  0.10645849  0.97132814  0.20358309  0.54865831]


32-th responses:  1.1038478366153974
32-th parameter:  [11.4863081   0.034871    2.41068339  0.53122455  0.38727784]


33-th responses:  1.0783152994784029
33-th parameter:  [14.83337975  0.02937827  1.69803977  0.07488399  0.52275217]


34-th responses:  1.1256223589832839
34-th parameter:  [13.67022832  0.04687252  0.          0.32327178  0.88143137]


35-th responses:  1.1173579343431292
35-th parameter:  [9.23929882 0.10486001 1.75923157 0.33242938 0.75779939]


36-th responses:  1.1179681000963555
36-th parameter:  [6.23354816 0.19151972 2.37589145 0.16932964 0.89676219]


37-th responses:  1.1241873587139342
37-th parameter:  [7.56530101 0.15464659 0.29475812 0.12730775 0.86664065]


38-th responses:  1.1250526408823571
38-th parameter:  [5.88206727 0.15909209 0.13864135 0.06711613 0.91785934]


39-th responses:  1.12414909176041
39-th parameter:  [7.17247729 0.18693199 0.         0.04714195 0.92179909]


40-th responses:  1.1245930043431276
40-th parameter:  [7.08243179 0.12320186 0.29478562 0.0969116  0.82917833]


41-th responses:  1.1182878019317606
41-th parameter:  [6.78727956 0.15536189 0.12509203 0.         0.81792849]


42-th responses:  1.1252018302557492
42-th parameter:  [4.59646463 0.20626877 0.54852724 0.10444857 0.92795998]


43-th responses:  1.1256730459538193
43-th parameter:  [5.9605839  0.18882048 0.         0.152015   0.97644018]


44-th responses:  1.1246004272793133
44-th parameter:  [6.7013227  0.12376204 0.         0.16235565 0.95371407]


45-th responses:  1.1245032553431038
45-th parameter:  [6.92403555 0.11415713 0.1834996  0.24655366 0.77365732]


46-th responses:  1.1218572590700067
46-th parameter:  [5.62051974 0.14420858 0.19396596 0.1993958  0.84846262]


47-th responses:  1.1226546496650496
47-th parameter:  [5.4587036  0.19341372 0.30486067 0.03225663 1.        ]


48-th responses:  1.120605680814176
48-th parameter:  [5.91588516 0.21726085 0.         0.13172982 0.86654834]


49-th responses:  1.123683841581892
49-th parameter:  [3.59945253 0.18210212 0.         0.15073277 0.97337457]


50-th responses:  1.1104165867642841
50-th parameter:  [7.29202652 0.08335454 1.14359701 0.03647417 0.89277124]


Step 50: best found was 1.1256730459538193
	Running time :  12955.076177120209


