 /mnt/users/daijun_chen/tools/miniconda3.10/install/envs/python3_huggingface/lib/python3.10/site-packages/paramz/transformations.py:111: RuntimeWarning:overflow encountered in expm1
Processing for step: 1
Initial step: start from best source point
Next training point is: [[4.35681712 0.0227694  9.27762042 0.7390239  0.85611273]], [[-5.46374998]]
Processing for step: 2
Next training point is: [[3.6305967  0.04170512 7.05605335 0.63713253 0.53733293]], [[-5.21570903]]
Processing for step: 3
Next training point is: [[2.61314855 0.08889001 8.27493581 0.36505662 0.67784963]], [[-4.84412455]]
Processing for step: 4
Next training point is: [[6.90865434 0.02588778 9.11217173 0.69212982 0.90754333]], [[-5.56931862]]
Processing for step: 5
Next training point is: [[5.31031972 0.02341083 9.64106401 0.55582815 0.49288394]], [[-5.4101574]]
Processing for step: 6
Next training point is: [[4.65105876 0.05744258 7.65550957 0.78662846 1.        ]], [[-5.40236134]]
Processing for step: 7
Next training point is: [[6.66988938 0.01       6.93237637 0.47537146 0.47042508]], [[-5.40017454]]
Processing for step: 8
Next training point is: [[ 4.93204297  0.09010217 10.          0.76868359  0.88815755]], [[-5.46807185]]
Processing for step: 9
Next training point is: [[ 2.5026129   0.01       10.          0.60634861  0.41322855]], [[-4.89896018]]
Processing for step: 10
Next training point is: [[5.11655784 0.01       9.63480265 0.44235286 0.95076418]], [[-5.38407685]]
Processing for step: 11
Next training point is: [[ 6.39393813  0.06229502 10.          0.81546139  0.38757026]], [[-5.36914596]]
Processing for step: 12
Next training point is: [[3.81358233 0.24821057 0.25218177 0.84434292 0.52494306]], [[-5.08293152]]
Processing for step: 13
Next training point is: [[14.5614741   0.21836828  0.53768122  0.52416792  0.97602659]], [[-4.71150901]]
Processing for step: 14
Next training point is: [[14.74552843  0.23604842  8.325909    0.10351987  0.06916063]], [[-3.13820506]]
Processing for step: 15
Next training point is: [[1.41659730e+01 1.00000000e-02 3.75660932e-01 1.00000000e-02
  1.00000000e-02]], [[-3.68611337]]
Processing for step: 16
Next training point is: [[14.79225988  0.3        10.          1.          0.60175859]], [[-4.81415039]]
Processing for step: 17
Next training point is: [[2.10548387 0.3        0.52132622 0.01       0.01      ]], [[-2.58452256]]
Processing for step: 18
Next training point is: [[1.5e+01 1.0e-02 1.0e-02 1.0e+00 1.0e-02]], [[-4.63533025]]
Processing for step: 19
Next training point is: [[1.5e+01 3.0e-01 1.0e-02 1.0e+00 1.0e-02]], [[-2.41955853]]
Processing for step: 20
Next training point is: [[2.   0.01 0.01 0.01 1.  ]], [[-4.20560973]]
Processing for step: 1
Initial step: start from best source point
Next training point is: [[4.35681712 0.0227694  9.27762042 0.7390239  0.85611273]], [[-5.46374998]]
Processing for step: 2
Next training point is: [[1.50000000e+01 6.15113356e-02 1.00000000e-02 1.00000000e-02
  1.00000000e+00]], [[-4.20086625]]
Processing for step: 3
Next training point is: [[4.92157862 0.0226247  5.00488676 0.69492811 0.87808971]], [[-5.44769302]]
Processing for step: 4
Next training point is: [[4.88598068 0.01870185 0.01       0.68571526 1.        ]], [[-5.40626206]]
Processing for step: 5
Next training point is: [[1.50000000e+01 1.05330065e-02 5.70280436e+00 1.00000000e-02
  8.34643696e-01]], [[-3.94434105]]
Processing for step: 6
Next training point is: [[4.93971193 0.02285927 7.74759664 0.70665589 0.91889294]], [[-5.45620436]]
Processing for step: 7
Next training point is: [[4.89871101 0.01031902 3.40001229 0.69318749 0.94630147]], [[-5.43051018]]
Processing for step: 8
Next training point is: [[4.89666533 0.03091689 2.78583647 0.69015656 0.94994033]], [[-5.42447198]]
Processing for step: 9
Next training point is: [[4.87917066 0.04606772 0.01       0.68753493 1.        ]], [[-5.45719827]]
Processing for step: 10
Next training point is: [[4.87974474 0.0707429  0.01       0.68756054 1.        ]], [[-5.42083235]]
Processing for step: 11
Next training point is: [[1.50000000e+01 2.26470985e-01 1.00000000e-02 1.00000000e-02
  1.00000000e+00]], [[-4.20444405]]
Processing for step: 12
Next training point is: [[1.50000000e+01 5.85633397e-02 9.95646134e+00 1.00000000e-02
  1.00000000e-02]], [[-3.06761001]]
Processing for step: 13
Next training point is: [[4.90695725 0.07841465 6.70599916 0.71416536 1.        ]], [[-5.43983744]]
Processing for step: 14
Next training point is: [[5.2914879  0.03594439 6.3613284  0.9095044  1.        ]], [[-5.47358212]]
Processing for step: 15
Next training point is: [[4.87739181 0.16739452 0.01       0.68958943 1.        ]], [[-5.44994316]]
Processing for step: 16
Next training point is: [[4.87053127 0.25281819 0.01       0.68904117 1.        ]], [[-5.3128786]]
Processing for step: 17
Next training point is: [[4.97215732 0.1763504  4.08605475 0.71490123 1.        ]], [[-5.40609568]]
Processing for step: 18
Next training point is: [[4.96289169 0.12469195 2.00443907 0.71590125 0.78185813]], [[-5.35648866]]
Processing for step: 19
Next training point is: [[15.          0.04292249  6.35292662  1.          0.99090289]], [[-5.0953872]]
Processing for step: 20
Next training point is: [[15.          0.22162669  0.48920163  1.          1.        ]], [[-4.82250286]]
