 6.796426301620789 5.10516699 0.04469432 9.11675895 0.55168279 0.47922677
 5.971557273340672 2.91056628 0.1624752  7.5505888  0.09746017 0.36947906
 6.813924152276014 5.3616913  0.0241165  9.61811351 0.56368405 0.56732348
 6.75574018712752 5.81168589  0.04361884 10.          0.66862249  0.50208242
 6.745451841966384 4.25399198  0.01       10.          0.58756026  0.45029207
 6.837755012123034 5.24233998 0.01351817 8.35258387 0.65386727 0.53082761
 6.840572820497908 3.82433331 0.03881171 8.75906393 0.64807212 0.60830075
 6.79865738836879 5.67332358 0.04568153 7.99451637 0.60422984 0.65273557
 6.821374148729792 3.93249132 0.01       7.97896099 0.52257151 0.59957737
 6.800343100620328 3.62745665 0.03973892 7.02965454 0.65147268 0.51475751
 6.69007493582378 6.13146468 0.01       7.01379767 0.50101921 0.47437841
 6.722682131836397 2.55484629 0.02794242 7.05591869 0.82548958 0.67891359
 6.755130228419138 2.9981904  0.07321419 7.75584126 0.46262857 0.61377126
 6.908214268355065 4.7701021  0.01       8.82917742 0.66206463 0.7171548 
 6.820949755433363 5.96445608 0.03067701 9.57103825 0.54247355 0.94481206
 6.853777832096364 4.05449859 0.01       9.38120231 0.55555565 0.79475223
 6.895559788947706 5.70356064  0.01       10.          0.69594117  0.798849  
 6.81659079814972 6.65830837 0.01       9.05458185 0.61741824 0.77696175
 6.98498096158553 4.35681712 0.0227694  9.27762042 0.7390239  0.85611273
 6.880851985568523 6.67406845 0.03416704 8.77828789 0.75932294 0.97227925
 6.928161291890096 4.59489494 0.01       9.56406757 0.77216406 0.96656365
 6.906181319961377 5.08645842 0.01527808 9.03714486 0.84539798 0.83432123
 6.924711353912557 4.6500651  0.05395915 9.85734213 0.76329214 0.89536328
 6.953064621332018 4.15110461 0.03833254 8.29808123 0.72224429 0.94234675
 6.660403665803313 2.53953567 0.03143641 9.30604674 0.74630833 0.91255031

