srun: job 32324313 queued and waiting for resources
srun: job 32324313 has been allocated resources
Processing for step: 1
Initial step: start from best source point
Next training point is: [[9.95 9.9  9.96 9.96 9.9  9.93 9.9  9.97 9.92 9.94]], [[-0.37168711]]
Processing for step: 2
Next training point is: [[-0.78922193  2.13659181  1.04958287 -3.83573984  2.17800633  0.36987841
   2.77487259 -0.46318616  0.65723591  1.71609379]], [[-5.23324003e-09]]
Processing for step: 3
Next training point is: [[8.65987449 1.98750436 2.66665932 8.69309742 6.33984226 6.20522201
  5.60407885 5.93770343 3.57302839 4.26323466]], [[-1.9048064e-10]]
Processing for step: 4
Next training point is: [[ 5.41216278 -4.29163068  2.99667639  5.55255463 -1.89006368 -0.17266486
  -2.26966562  9.43303876 12.24643647  1.12074063]], [[-2.61615428e-69]]
Processing for step: 5
Next training point is: [[ 4.60040139  1.01661435  2.24975181 -3.6959709   1.56980255  1.48118542
  -3.6335969   2.29117459 -1.75816205  1.48831854]], [[-1.46386852e-15]]
Processing for step: 6
Next training point is: [[ 5.03762996 11.4459424   5.31256207  9.27017594  2.4965101   2.03134875
  -1.51278437  8.54671344 -4.31960764 -1.0732302 ]], [[-9.40502137e-58]]
Processing for step: 7
Next training point is: [[13.17181869 11.0548163   7.66542043 10.76442015  8.86009715  9.26130503
   7.43909093  9.85875738  6.59210108  8.36140655]], [[-2.3190759e-08]]
Processing for step: 8
Next training point is: [[ 6.19135241  4.83841657  7.31985944  4.54669946  9.04932069  4.1002244
  10.21850289  5.98810087  7.92979644  3.96489011]], [[-9.35565134e-14]]
Processing for step: 9
Next training point is: [[ 1.37976283  3.44574161 13.46219579  9.77711392  3.50315499  9.66914873
  10.98158349  8.9895015   4.72750891  6.7392455 ]], [[-1.89964128e-41]]
Processing for step: 10
Next training point is: [[ 4.054711    1.64158396  1.16418011 -1.45819529 -3.42310865 -0.89193563
  -0.68951356 -4.41941369  1.83393213  3.06101085]], [[-5.33099324e-15]]
Processing for step: 11
Next training point is: [[10.82731128  1.97620602  6.38917099  6.89964668  5.43419766  5.25148535
   7.07052504  6.39706149  6.36860796  8.33448172]], [[-9.18365318e-15]]
Processing for step: 12
Next training point is: [[6.99304368 3.63801527 3.03645561 5.11040138 9.67465963 4.91533003
  4.40839569 7.57570848 6.42124474 8.03535687]], [[-4.90868927e-12]]
Processing for step: 13
Next training point is: [[0.41258518 4.94712852 1.08408608 2.53576283 3.9365837  4.21315128
  2.26961125 0.8343222  6.0773136  5.11036552]], [[-3.64544452e-17]]
Processing for step: 14
Next training point is: [[12.46358406 11.69675743  7.01910925  0.01845281 -1.74187494 -4.09184662
   2.68402926 -0.94393504 10.18725897  4.42344417]], [[-3.9507053e-73]]
Processing for step: 15
Next training point is: [[-1.305267    0.41492544  4.08170926  0.79988287  1.57763085 -1.01284209
  -4.32647852  0.33557904  1.14332546 -2.25494693]], [[-2.28629753e-11]]
Processing for step: 16
Next training point is: [[-4.61303461 -3.06386287 -1.20581808  3.95749295 -2.12650701 -0.41345714
  -3.33737648  2.42988979  0.69952427  1.55678691]], [[-4.70515015e-16]]
Processing for step: 17
Next training point is: [[11.49746813 -2.91160414 14.17473729 12.0835001   8.42682456  0.86785674
  12.04643555 10.89785865 13.03189995 -4.037547  ]], [[-9.89845975e-107]]
Processing for step: 18
Next training point is: [[3.97779977 0.68152549 4.00859161 6.19875832 9.4037812  2.96692915
  2.71580724 6.00912578 1.7616248  5.1529358 ]], [[-1.76969061e-13]]
Processing for step: 19
Next training point is: [[4.34603157 2.60219795 2.30667984 0.56681277 6.21053629 8.08308363
  1.62833182 6.70487866 4.90678098 2.41413651]], [[-4.83936736e-17]]
Processing for step: 20
Next training point is: [[1.76719068 5.78214933 7.98391793 7.42759965 5.24212164 7.1553789
  8.27973658 8.74734274 7.11083473 6.59543261]], [[-2.72906829e-15]]
BO loop is finished.
The 1-th repetition is finished !
Processing for step: 1
Initial step: start from best source point
Next training point is: [[9.95 9.9  9.96 9.96 9.9  9.93 9.9  9.97 9.92 9.94]], [[-1.13879214]]
Processing for step: 2
Next training point is: [[ 7.7988351   4.01404727 11.35126925  6.30951943  7.53141282  2.61910583
   5.6886473   4.72831324  5.2445057   6.10698991]], [[-3.16828874e-14]]
Processing for step: 3
Next training point is: [[11.1821113   8.82976337 13.42848962 12.93557074 11.68409024  9.71235129
  13.12404383  7.83249815  7.96288359  6.82791613]], [[-1.62904968e-12]]
Processing for step: 4
Next training point is: [[ 8.86359732  2.85608866  5.91096267 10.36956256 14.20381632 12.26528872
   3.42660051 -0.34888056 12.38286701  0.10814066]], [[-8.29821304e-65]]
Processing for step: 5
Next training point is: [[6.82884084 5.51985398 6.82144609 2.17062054 6.31480031 8.06630277
  5.71571151 0.77843263 0.92447677 6.9424983 ]], [[-2.74938222e-15]]
Processing for step: 6
Next training point is: [[6.41776686 3.92011538 5.87185114 6.57316513 4.95629913 3.84327553
  2.1208223  0.7649468  3.6182133  1.63992436]], [[-3.34127165e-11]]
Processing for step: 7
Next training point is: [[11.03098422  9.43470763 10.57393019 10.78491062 12.02100273  8.246853
   5.66069699 13.67584846 10.28376345  9.86585827]], [[-1.7300843e-08]]
Processing for step: 8
Next training point is: [[ 9.53653858 14.66015903  9.13229746 12.0922759  13.28137216  9.4420732
   9.13100091  7.99982925 14.54131925  8.64661088]], [[-7.0425921e-16]]
Processing for step: 9
Next training point is: [[ 2.85041568  3.80370946 -1.3051543  -2.88017319 -0.94071035 -4.02652891
  -2.99497192 13.2339262  -0.83617714 -3.9210528 ]], [[-1.2881033e-54]]
Processing for step: 10
Next training point is: [[6.39958078 5.65976575 4.71945492 8.6765613  3.64357003 2.38089252
  4.21378089 1.32847288 5.00026785 5.71112772]], [[-2.0497282e-09]]
Processing for step: 11
Next training point is: [[ 2.30237652 -0.19113417  2.02151239  4.16712195  0.56091821 -1.90659649
  -1.18014364 -0.94754911 -2.5534252   2.58478925]], [[-3.52917439e-12]]
Processing for step: 12
Next training point is: [[-1.04081639 -3.55228909  6.04096175  1.49918876  7.62481999  6.53630597
  -2.85676765  4.29235002 -3.01167941 -3.9549688 ]], [[-3.20988749e-43]]
Processing for step: 13
Next training point is: [[10.29130962 11.44969872  7.27732804 10.47826418 12.34192365  4.9530486
  10.05246503 -4.58631873  7.92840912 -3.02391752]], [[-4.68371169e-74]]
Processing for step: 14
Next training point is: [[ 9.30080221  7.98861657  8.20828115  9.14820024 10.18969137  9.45705692
   8.75421356  9.09713757 13.37734845  8.67928677]], [[-2.56346317e-06]]
Processing for step: 15
Next training point is: [[2.68923688 0.95963767 6.24673151 3.19782542 4.80404652 2.11505343
  7.66488763 6.84375365 3.01456526 3.31460759]], [[-6.08619465e-11]]
Processing for step: 16
Next training point is: [[-4.79293607 12.4750521  -0.75784913 -3.62863724  9.49773272 13.95147341
  -1.87881427 -1.8875462  14.0591734   4.0059704 ]], [[-1.97984135e-118]]
Processing for step: 17
Next training point is: [[8.96882299 0.54295954 3.0684063  4.29230593 6.62207144 4.36235347
  3.27230039 6.0605728  3.84043723 7.94743082]], [[-2.28323806e-14]]
Processing for step: 18
Next training point is: [[10.13339869 10.38641512 14.38217924  9.70177025 10.42285065 13.96832473
  12.54266015  8.39204714  7.60339997  7.34160848]], [[-3.01759862e-13]]
Processing for step: 19
Next training point is: [[13.45882085 14.87253968  9.63864717 10.00181652 10.06408331  6.85973806
  11.8949503   9.05730829 11.52257847  8.39388374]], [[-7.6953072e-13]]
Processing for step: 20
Next training point is: [[-4.70711496  2.06308214  1.98232099  3.17173829 -0.57393639 -0.67344339
   1.23854809  0.59032159  2.81361038 -0.74315319]], [[-1.7446851e-11]]
BO loop is finished.
The 2-th repetition is finished !
Processing for step: 1
Initial step: start from best source point
Next training point is: [[9.95 9.9  9.96 9.96 9.9  9.93 9.9  9.97 9.92 9.94]], [[-0.72637965]]
Processing for step: 2
Next training point is: [[-4.6031728  -3.83255154 -1.34892111  3.31450636 -2.65359641  0.71156658
   2.88450966  0.99200377 -2.35792686 -0.02750537]], [[-7.95710471e-17]]
Processing for step: 3
Next training point is: [[ 5.24384238 -0.77306218 -0.24136814 -1.008098   -1.52166527  0.36887113
   4.5744331  -2.27310338 -3.26069464  1.64038598]], [[-2.26821832e-15]]
Processing for step: 4
Next training point is: [[11.8607187   8.89458656 11.57084634 10.72851429 13.29524809  6.47378115
   4.63113585  7.22378175 10.86012552 11.77952348]], [[-3.69189844e-15]]
Processing for step: 5
Next training point is: [[13.69262222  7.80790043 11.77974285 10.51165236  7.68939148  8.97979746
   8.32333879 12.85943341  7.92411096  8.05332127]], [[-3.05656928e-11]]
Processing for step: 6
Next training point is: [[-0.52470378 -3.61194854  0.57975023 -0.16729279 -0.4747394  -0.747666
  -4.32322054  4.51346762  3.69559823  1.31477669]], [[-1.48025001e-16]]
Processing for step: 7
Next training point is: [[10.20542792  6.94426549  6.95975619 13.93670583  6.99042182 12.28496393
  13.94299406 10.07292993  8.33792786 12.36904415]], [[-1.18950663e-17]]
Processing for step: 8
Next training point is: [[6.16042045 1.99599506 7.40873629 5.14220086 1.82294558 8.700082
  4.56784127 6.50403921 7.67221272 3.91282566]], [[-6.44085617e-11]]
Processing for step: 9
Next training point is: [[ 9.98677169 13.78347077  9.42905166 14.30975621 12.77459252  8.9819956
   6.1374516  -4.10208907  8.54983421  4.69293425]], [[-3.22707156e-62]]
Processing for step: 10
Next training point is: [[13.41888871 13.20217125  8.82790754  7.0136031   8.98285713 13.02322929
   9.83404711 12.7037706  12.37319707  9.87030514]], [[-6.48525684e-13]]
Processing for step: 11
Next training point is: [[12.49934396  7.90346245  8.8836334  14.65129255  8.08023845  8.58854341
   8.62743527 13.05080294  9.43545582 10.60177222]], [[-4.85067039e-12]]
Processing for step: 12
Next training point is: [[ 8.20608115 11.77330019  7.592229    7.71225583  4.89441719 12.2505049
  10.27160383  6.21409877  9.0099737  12.67230918]], [[-9.26176205e-17]]
Processing for step: 13
Next training point is: [[-2.27839168 -3.97610517  1.35321541 -4.3199321  -0.84294836  0.69850099
  -2.70976928  0.19191393 -0.07413118  3.6685371 ]], [[-2.53106649e-17]]
Processing for step: 14
Next training point is: [[13.26391514  7.82767017 10.20026531  7.24880123 10.00186796  8.25373677
  10.79012184  9.0416761   9.58079254  8.21716696]], [[-2.75562575e-07]]
Processing for step: 15
Next training point is: [[10.53228971 12.45290477 13.79957262 -2.5444961  -2.57685941  1.72806705
  13.09335751 14.97140877 -0.45981175  2.45102619]], [[-1.79363229e-106]]
Processing for step: 16
Next training point is: [[ 7.67607896  1.82496272  2.89372231 13.94936901 -1.2344458   9.28019784
   7.42096484 13.56207248 11.33137447 13.82994294]], [[-1.64793145e-67]]
Processing for step: 17
Next training point is: [[4.90009686 1.63747367 4.50671587 0.48049391 7.61944524 4.44773742
  7.35518926 8.78562738 5.68318043 5.34659461]], [[-9.71680986e-14]]
Processing for step: 18
Next training point is: [[ 3.95891697  1.04872251  4.13390417  2.5037455   1.64568191 -0.056188
   1.49159101  2.8029338   1.80233137 -1.1392473 ]], [[-1.57361966e-11]]
Processing for step: 19
Next training point is: [[7.10669316 1.82712738 4.20770221 4.67186844 2.62976042 5.04199516
  9.86606307 4.74697819 6.5849376  7.76168041]], [[-4.26374351e-13]]
Processing for step: 20
Next training point is: [[5.0620537  8.26084244 8.45232743 6.50391414 8.47359906 5.67302043
  7.73054125 7.22247686 4.39151895 0.73383429]], [[-8.14757277e-15]]
BO loop is finished.
The 3-th repetition is finished !
Processing for step: 1
Initial step: start from best source point
Next training point is: [[9.95 9.9  9.96 9.96 9.9  9.93 9.9  9.97 9.92 9.94]], [[-0.96062332]]
Processing for step: 2
Next training point is: [[8.47269317 5.92821015 5.489035   3.51068984 2.54474354 6.96225268
  5.588175   5.34760745 6.70097761 2.15580164]], [[-5.66254128e-13]]
Processing for step: 3
Next training point is: [[ 2.79892085  6.51580505  6.20345221  6.54869403 -0.63268569  6.1301087
   5.55612696  3.67155715  4.90429339  6.63186478]], [[-1.31649844e-13]]
Processing for step: 4
Next training point is: [[-0.13097677  6.44521886  2.99342157  3.19056548  5.38563769  3.04583276
   5.761752    1.80741778  4.64196137  4.01170788]], [[-1.60151737e-13]]
Processing for step: 5
Next training point is: [[ 4.54039189 -0.2070471  13.7969453  -2.89389618  2.63578968  6.9162143
   9.4550895   5.12913186  1.56304295 10.55343432]], [[-1.27942705e-55]]
Processing for step: 6
Next training point is: [[4.53178516 4.72776407 3.11059348 5.01845128 3.51598012 8.29186352
  3.07934875 3.46686462 4.81284656 5.08449567]], [[-6.01099018e-08]]
Processing for step: 7
Next training point is: [[10.43224035  5.81401635  7.84690297 11.08948121  9.846872    9.89774028
   8.51356527 11.06241197  8.60578613 13.1600014 ]], [[-1.43023305e-09]]
Processing for step: 8
Next training point is: [[ 3.143945   11.29786349  6.76998623 10.40432567 -0.15213113 13.97283287
  10.48007528 12.18907788 -3.45228162  3.46979794]], [[-6.97562055e-76]]
Processing for step: 9
Next training point is: [[12.10971342  7.44441514  8.60210028  9.00649241 14.26372615 10.38556033
   7.501701    6.63495089 11.81140275 12.52885055]], [[-1.30451558e-15]]
Processing for step: 10
Next training point is: [[10.38161437  6.29103624  5.80977139 13.68318505 12.85835668  8.58760428
  11.48302932  7.7574542  10.26143753 11.1012263 ]], [[-3.86779794e-15]]
Processing for step: 11
Next training point is: [[-0.76759515 -0.46745927  4.20854508 -0.26864881 -2.34173723 -1.06711156
  -0.31110066  0.33224433 -4.394604   -0.17939443]], [[-8.31679494e-11]]
Processing for step: 12
Next training point is: [[ 1.75293137 -1.77026534 -1.52295418  2.41262977  0.14946459  0.88310322
  -3.20715657 -4.46439226 -2.35630786 -1.76932919]], [[-6.30495997e-13]]
Processing for step: 13
Next training point is: [[ 1.30153325  4.55484021  2.4701016  -2.97737813  1.98165044 11.54673083
   8.68821332  2.25821786 12.61940832 13.89068199]], [[-1.12467938e-66]]
Processing for step: 14
Next training point is: [[ 2.76567474  0.77428001  0.135228    4.28729438 -0.11451462  5.24273539
   1.95128987  0.27084226 -1.56971542  0.542849  ]], [[-5.53937324e-15]]
Processing for step: 15
Next training point is: [[ 0.56592145 13.73037862  0.32408787 13.05108751 -4.58222483 10.55533719
   6.54481503  7.42933651  1.42510949 12.60121327]], [[-5.38663396e-84]]
Processing for step: 16
Next training point is: [[10.09141417  6.30681999  4.8611137   0.82987819  9.52615289  6.45690276
   2.07805694  1.06955648 13.81087397 -0.87943059]], [[-3.16395122e-50]]
Processing for step: 17
Next training point is: [[2.71525767 1.57432147 3.062148   4.59885538 1.14447498 2.09709092
  7.10795728 5.67243975 3.81680055 1.11245212]], [[-2.79921706e-17]]
Processing for step: 18
Next training point is: [[ 2.95770008  3.75132965  1.99618791  5.09151545  5.39571077  6.45559081
   3.09144785 10.47630175  4.80738943  7.95746789]], [[-6.27495169e-14]]
Processing for step: 19
Next training point is: [[-0.19150009 -0.55977714 -1.92953599 -0.71379266  0.94113151 -2.39184986
   3.66286368 -0.12334278  4.53683002 -4.87313862]], [[-1.20193347e-13]]
Processing for step: 20
Next training point is: [[11.71263557  2.14267123 10.23419765  3.00068464 -0.72316197 -3.42307244
   5.22133062 -4.59997917  8.05602766  0.99842442]], [[-1.59531528e-73]]
BO loop is finished.
The 4-th repetition is finished !
Processing for step: 1
Initial step: start from best source point
Next training point is: [[9.95 9.9  9.96 9.96 9.9  9.93 9.9  9.97 9.92 9.94]], [[-0.1760651]]
Processing for step: 2
Next training point is: [[ 6.39341916  5.83177309 12.37075839  9.88137411 10.00621168 -4.00626966
  -1.58334582 10.36197019 13.10767039  1.73914651]], [[-1.02222922e-77]]
Processing for step: 3
Next training point is: [[-2.92393241 -1.98115186  3.76108607  5.80685862 -4.09006372 -4.76276142
   7.23280125 -3.36813505  1.94676507  2.21006466]], [[-7.48936631e-40]]
Processing for step: 4
Next training point is: [[2.68054108 8.53979438 0.91981741 1.98478856 0.21501228 4.76241607
  5.06161995 5.93824989 3.25370249 5.22849565]], [[-7.19905594e-15]]
Processing for step: 5
Next training point is: [[ 8.46582828  0.89668634 -2.45246215  7.62703045  1.77738294  7.90920431
  10.25303078 -4.74836748 11.32859481  9.56144855]], [[-1.07855866e-65]]
Processing for step: 6
Next training point is: [[ 9.06293635 10.57941512 13.1478039  10.55154358 10.58927998 10.67749159
   7.34011277  6.20523764  7.43514035  7.3658066 ]], [[-6.26439814e-13]]
Processing for step: 7
Next training point is: [[1.05660289 4.38163681 5.1822528  6.7919839  5.92495239 2.03323929
  0.65845164 2.91022007 5.44411416 4.88389203]], [[-3.10384021e-13]]
Processing for step: 8
Next training point is: [[8.21651145 4.5410806  1.00934584 2.82706565 2.36137102 3.47519089
  5.56976746 7.66067332 4.27897886 6.6776095 ]], [[-1.76010718e-12]]
Processing for step: 9
Next training point is: [[10.885801    4.13529173  1.56850468 12.60908807  5.49522201 -2.29148201
  11.48886107 -1.76819678 -2.95882883  4.82768545]], [[-2.00821021e-68]]
Processing for step: 10
Next training point is: [[ 0.6370909   0.02378542  1.62508128 -2.19474114 -2.07353802  0.79836134
   4.61830675 -3.02561785  1.84755872 -1.22397766]], [[-1.67925752e-10]]
Processing for step: 11
Next training point is: [[ 7.52501842  3.07449141 -2.96865814  8.04694128 -3.31893183  7.6157542
   3.51092208 10.27882351 14.88352432 14.63449279]], [[-1.53321014e-86]]
Processing for step: 12
Next training point is: [[3.78876067 3.77892505 7.0522225  6.23545535 2.94289153 2.75148722
  5.0456374  2.2911612  1.79379062 4.7401735 ]], [[-5.50898317e-09]]
Processing for step: 13
Next training point is: [[ 1.6979973  -2.87754142 -2.24021789  3.40718997 -1.86617824 -2.07082597
   1.14963472  4.12641272 -0.51950772 -0.31884079]], [[-2.31693486e-14]]
Processing for step: 14
Next training point is: [[10.72891004  4.91088213  4.15022289  2.99713635  4.56042866  3.23318648
   6.56020448  4.66666879 10.18734312  6.17206114]], [[-1.49564369e-17]]
Processing for step: 15
Next training point is: [[ 2.88072186  3.74879358  1.4493897   5.98793122  2.90807001  2.86685808
   4.3681096   5.9559203   8.4687426  10.17634106]], [[-7.1406429e-17]]
Processing for step: 16
Next training point is: [[13.27202455 -4.53239465 -1.47291062 14.17546917 13.59374038  8.88680083
  14.46211638 10.13284175 -1.47661197  4.98779964]], [[-4.03907551e-120]]
Processing for step: 17
Next training point is: [[12.44402324  9.0313016  11.22302068 11.78051077  7.10143689  5.51893741
   9.37658198 10.13449976 12.84482214 10.23398847]], [[-4.776726e-12]]
Processing for step: 18
Next training point is: [[ 7.92331652 -2.91079842  6.16921237 14.30102276 11.16610614 -3.67072883
  11.03369199  1.64751417 -3.94627697 10.72406929]], [[-5.39929823e-97]]
Processing for step: 19
Next training point is: [[2.88874431 4.5494323  5.00735055 7.38375733 8.21264817 4.37057571
  3.50959934 7.39635985 8.69339569 6.41591278]], [[-2.48939159e-12]]
Processing for step: 20
Next training point is: [[ 1.22233497  1.2554713  -0.1192596  -1.71984115  0.8958616   0.16761344
   3.15943677  4.52647105  0.41096983 -1.24266434]], [[-3.2722276e-09]]
BO loop is finished.
The 5-th repetition is finished !
Processing for step: 1
Initial step: start from best source point
Next training point is: [[9.95 9.9  9.96 9.96 9.9  9.93 9.9  9.97 9.92 9.94]], [[-0.74411132]]
Processing for step: 2
Next training point is: [[ 9.02181936  7.23390863  9.09045585  7.59149867 13.89876223  8.45159341
  13.78198664 11.57696281  8.13202259 12.18773842]], [[-9.5777024e-15]]
Processing for step: 3
Next training point is: [[ 2.35759011 -0.91275381  4.62021039 -0.74657567  0.94615154  1.04698779
   3.46882785 -0.51914641 -2.64287256 -4.55834139]], [[-2.16722367e-17]]
Processing for step: 4
Next training point is: [[ 0.09662831  6.78562479  3.02577148 -3.68309451 -4.92660086 10.87192079
  14.34907953 13.9823553  13.01221699 -0.45918822]], [[-3.01275072e-105]]
Processing for step: 5
Next training point is: [[11.25768461  8.32076414  6.79956949  5.40741287  9.32262813  6.93378527
  10.84726851  7.98048976 13.04892245 12.90384845]], [[-6.50684786e-16]]
Processing for step: 6
Next training point is: [[6.32688875 0.8500142  5.51110253 4.21971762 3.12445305 2.03458844
  9.37935673 4.77763894 2.624589   2.16065441]], [[-7.34064239e-15]]
Processing for step: 7
Next training point is: [[8.88756251 5.56560534 8.71950366 4.29944155 4.48938755 1.86171532
  6.27676666 1.41661024 3.95984229 7.47552019]], [[-2.8542724e-14]]
Processing for step: 8
Next training point is: [[-2.80507038  7.26367672  0.8904533   7.22602497  1.21252746 11.6263772
   1.83119826 14.00649062 10.61203107 13.65902061]], [[-7.51046989e-76]]
Processing for step: 9
Next training point is: [[-1.06308155  3.12440266  8.7828829  11.87174234  9.84370512 11.77092684
  -4.1247435   2.2004602  14.37471573 12.86373778]], [[-2.2489064e-92]]
Processing for step: 10
Next training point is: [[3.31474957 4.43703    3.35637995 0.02744417 3.40021309 4.17745232
  2.54951848 4.97263402 5.83882857 4.79502696]], [[-1.18273819e-09]]
Processing for step: 11
Next training point is: [[3.58704031 6.03223183 4.86714468 8.34819309 3.5903821  1.0687351
  1.84497378 4.95930621 6.44370776 8.29886363]], [[-1.88526504e-14]]
Processing for step: 12
Next training point is: [[6.18701182 9.17145236 7.86161761 6.40462609 5.63441955 8.99901474
  6.96979545 6.74768411 4.68948207 2.24797859]], [[-7.41899178e-13]]
Processing for step: 13
Next training point is: [[ 7.32367391 14.70595641  6.10051833  6.76697194  3.82945373 -0.25527253
   0.26916511  2.30273345  8.50315823  1.82440727]], [[-9.86824951e-42]]
Processing for step: 14
Next training point is: [[9.50785534 4.79827013 4.53366365 8.09076921 3.17264069 3.66278798
  3.51328957 1.17803751 4.15481563 6.62511729]], [[-2.24526649e-13]]
Processing for step: 15
Next training point is: [[-4.67973507  4.49236796  2.05447348 11.07428075 -1.50310682 12.49677733
   5.1161945   6.45935153 -1.31966732  1.63624734]], [[-2.0779782e-62]]
Processing for step: 16
Next training point is: [[4.76315939 3.92482833 9.20102344 6.62397179 6.48258486 4.80297907
  5.97434234 5.66742879 6.05809865 9.9523909 ]], [[-1.02428209e-12]]
Processing for step: 17
Next training point is: [[ 1.85800318  9.38445174 -2.92197995  0.55614246 13.80944232  7.32960256
   3.35683851 10.07386844  1.16365158 10.96173372]], [[-8.25670163e-62]]
Processing for step: 18
Next training point is: [[ 0.37510326 -2.08406527  0.74824846 -2.17775107  0.36541979 -0.103177
  -0.51628374 -4.38451145 -2.99992128 -4.23410766]], [[-1.16301856e-14]]
Processing for step: 19
Next training point is: [[6.58519955 4.3403654  4.54031681 3.97098524 8.33775189 1.82343679
  5.97482377 7.15663486 5.86207325 7.13746016]], [[-2.51934421e-10]]
Processing for step: 20
Next training point is: [[ 9.20169522  4.58102766 -2.88516702 12.3095312   8.74141415 11.69550339
   6.1572401   5.63074561  3.37009508  5.20852449]], [[-4.42621974e-44]]
BO loop is finished.
The 6-th repetition is finished !
Processing for step: 1
Initial step: start from best source point
Next training point is: [[9.95 9.9  9.96 9.96 9.9  9.93 9.9  9.97 9.92 9.94]], [[-1.52144668]]
Processing for step: 2
Next training point is: [[-1.10383108 -4.31058064 -3.56444523 12.63246257 -1.37564009 13.20440502
   9.91181869 -2.43533822 -3.22625976 11.46090307]], [[-1.58384699e-118]]
Processing for step: 3
Next training point is: [[-3.01379852  0.87377858 -3.3031757  14.17035654 -2.55983709  6.52888758
  -3.04286912 14.09621666 -2.3640172  -1.63100782]], [[-2.66855886e-108]]
Processing for step: 4
Next training point is: [[11.3093433  11.28043069  8.8942802   5.84766623 12.6410805   8.89398259
  11.58815402 11.52309154  9.77048568 13.87445252]], [[-4.66503796e-12]]
Processing for step: 5
Next training point is: [[10.72853794 -3.86260422  8.72433543 10.22053773  7.00010298 12.07588979
   7.6526822   2.68923202  6.18228018 14.77144818]], [[-1.52770553e-65]]
Processing for step: 6
Next training point is: [[12.54226184 -0.08445635  0.33699168 -4.90727331  6.37851275  7.93175693
   6.44056524  8.32329097 -1.20664222 13.66494549]], [[-1.53680381e-73]]
Processing for step: 7
Next training point is: [[4.48879515 7.22519036 8.05838031 8.13272684 5.10827336 6.41505131
  3.90343937 2.01033265 1.26067063 3.51342664]], [[-4.68220174e-13]]
Processing for step: 8
Next training point is: [[6.98540598 4.30139009 5.75531387 1.25829833 9.0209135  9.63597202
  3.36243035 6.45412721 7.03409674 6.25897412]], [[-1.78496532e-16]]
Processing for step: 9
Next training point is: [[-1.73805958  1.35299978 -1.50859992  4.01482778  2.55011777  9.1810765
  14.29521793  7.31400064  4.77807336  4.10846872]], [[-1.22176957e-45]]
Processing for step: 10
Next training point is: [[ 5.83493979 13.75086123 13.4782222   7.30344862  0.71232163 -4.45114143
  14.48319749 13.33181283 10.97059606 -4.58095102]], [[-1.64093932e-118]]
Processing for step: 11
Next training point is: [[10.5575688   9.53917756 10.08353207 13.69852417 12.67134283 10.82545184
  11.09241598  8.92702975  5.55996832  5.92994603]], [[-1.94404915e-14]]
Processing for step: 12
Next training point is: [[ 0.34058315 -3.86141713 -4.45228981 14.84498254 -2.59081079 10.42062026
   1.80057193 -4.08403727  0.6491279   5.72697822]], [[-1.53330234e-95]]
Processing for step: 13
Next training point is: [[10.87974648 10.49883168 14.81885139  8.16140264  9.29381232  8.38190805
   9.97223364 10.29405697 10.98140901 14.81175273]], [[-3.78201272e-12]]
Processing for step: 14
Next training point is: [[ 0.40803256  0.66966294  1.35544656  0.03242326 -2.67901633  0.28589159
   3.9209624  -2.13001887  3.99305905  4.42517277]], [[-5.4051268e-15]]
Processing for step: 15
Next training point is: [[10.78576291  6.90919519 11.58543495  7.1428469   8.51261793  9.87508767
  10.61956889 10.39746935 11.1926949   5.06334075]], [[-1.94683194e-10]]
Processing for step: 16
Next training point is: [[12.29094572 11.70761496  6.2382274  12.66342993 12.26394018  7.44330393
   9.58521393 11.06394539  9.09566941  8.84486021]], [[-6.87322427e-11]]
Processing for step: 17
Next training point is: [[6.71504733 0.58826251 4.58484605 4.85747384 4.92957655 2.06214029
  8.604296   6.94669846 4.81959114 0.56890314]], [[-6.53039136e-14]]
Processing for step: 18
Next training point is: [[ 4.87576582  4.11792961  5.76549105  6.68941173 -0.06272539  4.8252467
   3.31739309  9.44624552  2.13865018  6.70672323]], [[-2.01907087e-14]]
Processing for step: 19
Next training point is: [[5.72150494 8.49407985 0.46649705 8.85109691 4.24141605 4.72363346
  3.00315287 4.87180857 3.71635933 2.76582415]], [[-2.01904391e-13]]
Processing for step: 20
Next training point is: [[-0.93225227  7.2170725   5.35776022  8.07272844  2.57405703  8.44318238
   4.85051099  5.44138383  5.7212784   5.23519872]], [[-3.32460206e-16]]
BO loop is finished.
The 7-th repetition is finished !
Processing for step: 1
Initial step: start from best source point
Next training point is: [[9.95 9.9  9.96 9.96 9.9  9.93 9.9  9.97 9.92 9.94]], [[-0.56100161]]
Processing for step: 2
Next training point is: [[7.23155349 3.5733121  4.2525727  7.89494284 1.98523576 2.80236947
  4.27454244 4.85059305 3.6169559  4.39299788]], [[-2.53253529e-07]]
Processing for step: 3
Next training point is: [[-2.31041055  2.93412559  1.33657439 11.84547628 11.50685928  9.58314987
   0.94399036 -0.16792428  4.2007456  -2.97612369]], [[-3.28863598e-65]]
Processing for step: 4
Next training point is: [[ 2.97663605 -1.77732533 -1.1241922  -0.01078916  3.59365213  0.76656583
   0.19957037  3.94159941  2.17490141  3.4912043 ]], [[-4.37899723e-15]]
Processing for step: 5
Next training point is: [[7.45214469 2.97740738 5.71352316 2.979915   4.99467155 3.30273121
  3.23703051 9.0713085  5.54956828 6.33377757]], [[-2.75895532e-08]]
Processing for step: 6
Next training point is: [[ 3.09105332 -0.58311697 -0.55629894 -0.22618826  2.93039053 -4.24613527
   2.36024262 -0.148242   -0.14341588  4.81269338]], [[-1.33616075e-15]]
Processing for step: 7
Next training point is: [[-1.45379495  4.39810983  0.87877645  6.37861251  5.16368542  4.32909237
   6.42282542  7.30081359  5.70542473  3.29012336]], [[-1.39906712e-17]]
Processing for step: 8
Next training point is: [[12.19366085 12.3362348   1.51151885  3.58316536  0.24159302 11.38260407
  -1.75320493 14.14092084 11.30565662 -1.01645062]], [[-5.74517162e-83]]
Processing for step: 9
Next training point is: [[ 0.9925884  -0.30886568  1.95993165  2.64047589  6.00692521  7.60191634
   5.51290125  7.07332091  3.89505441  4.8781534 ]], [[-4.7557129e-17]]
Processing for step: 10
Next training point is: [[12.86433274  4.68096522  7.08638138 10.8156072   6.01895866 10.01710044
  10.30416998  8.68136902 10.86890895  8.59703532]], [[-7.1262973e-16]]
Processing for step: 11
Next training point is: [[ 8.40519116 12.95220235  6.78047414  7.48929182  7.82664598 11.71093703
  11.9362263  12.14706191  8.27041848 11.10082486]], [[-3.6555642e-11]]
Processing for step: 12
Next training point is: [[ 3.26973352  3.51795616  3.84660324  6.85938283 11.10360643  6.365507
   1.93946238  5.79059375  5.71553013  4.61974048]], [[-1.94307213e-14]]
Processing for step: 13
Next training point is: [[-1.43138947 14.35982887  9.89136934  8.58050486  4.97450205  2.96815901
  10.87203465 -3.54691777  1.70355269  9.94932167]], [[-1.66831245e-71]]
Processing for step: 14
Next training point is: [[11.02316294 11.0397572  13.44806896 10.149106    8.73796304 13.12947435
   6.43475664  4.83533702  8.11685163 10.60968051]], [[-3.33069408e-15]]
Processing for step: 15
Next training point is: [[-3.07510797  0.26389396  6.40211762  6.89544801 -0.50954214  5.16598768
   9.2374066  -4.11418106 -4.49235792  1.06753992]], [[-6.55950008e-54]]
Processing for step: 16
Next training point is: [[ 8.43968871 14.84624938 11.01580794 11.67283612 10.45918716 14.34382173
  10.96435905 11.33018062  6.21521556  9.756212  ]], [[-4.26633128e-15]]
Processing for step: 17
Next training point is: [[10.99380568 10.65982597 10.34278852 14.11251966  6.96845037 10.88348409
  10.76771861  9.21852059  7.97399524 13.18676962]], [[-1.63787674e-09]]
Processing for step: 18
Next training point is: [[4.33586821 7.88110462 1.94467382 2.60151178 1.74102227 0.43063691
  5.1923775  5.51251517 1.20077092 6.75756372]], [[-1.1456014e-15]]
Processing for step: 19
Next training point is: [[-3.42379483 -1.13536059  2.38596811 -3.36592592 -0.03710894  2.19782387
  -0.08065613 -2.21567192 -1.56321764 -1.94592934]], [[-2.89550623e-10]]
Processing for step: 20
Next training point is: [[ 7.50976913  8.16656034  3.62015268  8.1891827  10.25045878  9.04922166
   8.77541751  8.62844127 10.96435766 13.9326507 ]], [[-4.93977574e-16]]
BO loop is finished.
The 8-th repetition is finished !
Processing for step: 1
Initial step: start from best source point
Next training point is: [[9.95 9.9  9.96 9.96 9.9  9.93 9.9  9.97 9.92 9.94]], [[-0.34336983]]
Processing for step: 2
Next training point is: [[12.70292052  5.05060382  6.64221435  3.07123012 14.01935938 12.52122381
  10.64822354  0.15844523 -0.62323306 10.48278529]], [[-3.03281522e-71]]
Processing for step: 3
Next training point is: [[-0.97955338  1.37993081  4.09118279 13.84431169 -4.99729646 -1.01576271
   4.59454317 -3.72014334 -2.19710235  8.59893665]], [[-2.71778888e-77]]
Processing for step: 4
Next training point is: [[8.21191651 5.30667648 4.42458782 0.7012117  9.00422409 4.05092298
  8.26034915 5.64682488 6.28627818 4.1808412 ]], [[-2.44637948e-15]]
Processing for step: 5
Next training point is: [[-3.73715383  0.54093267 -4.92468765 -1.82289491 11.90562532 10.19091378
  13.89366055  0.891697   -2.91861312  6.23203625]], [[-3.27545695e-108]]
Processing for step: 6
Next training point is: [[ 3.27337244  3.59345652 -4.30326069  0.72913891  3.28923788  0.22242283
   0.33916231  1.53660563 -1.96701344  3.22690782]], [[-2.43968647e-16]]
Processing for step: 7
Next training point is: [[-3.38485209  1.48460148 -4.35481254  5.12172662 -4.37877104 10.65099669
   3.04482031 -3.10700714  3.07100306  0.24820644]], [[-2.96308629e-48]]
Processing for step: 8
Next training point is: [[ 4.42381288 -1.39914931 -1.19982945 -2.89428501  3.42095035  1.00810674
  -3.98701421  3.01815321  0.25667738  0.39065727]], [[-4.510396e-16]]
Processing for step: 9
Next training point is: [[-2.11585873 -1.24133909  0.49848811 -1.48157262  2.84632784  1.62263366
  -4.48757618  4.5982323   2.44216881  0.34923085]], [[-1.18427251e-13]]
Processing for step: 10
Next training point is: [[10.80569499  3.19411313 -0.91348316  6.66472832 13.03572168 10.91815155
  -4.35341424  2.91796447 -4.07882449  4.07278866]], [[-4.99263267e-76]]
Processing for step: 11
Next training point is: [[10.99513969  7.18226509  9.76415998  2.15412005  3.81287377  7.56097365
   1.31859517  1.77498789 10.83411     0.93139526]], [[-9.05827151e-32]]
Processing for step: 12
Next training point is: [[11.54952822 10.17218421 12.37266014 11.29114552 13.64619732  4.60071118
  13.44016578 11.21563197  8.84013065 11.40906456]], [[-1.51604039e-14]]
Processing for step: 13
Next training point is: [[ 3.7597846  10.14601945  4.09149948  6.28606365  4.26554998  4.59686872
   2.32115164  5.02991815 -0.41939826  5.90183597]], [[-8.59481024e-15]]
Processing for step: 14
Next training point is: [[1.78395009 1.57982515 4.99146744 5.89472401 3.65936537 4.98922058
  7.63177615 7.551798   2.45147696 5.65961083]], [[-2.54982581e-12]]
Processing for step: 15
Next training point is: [[ 5.68955077 10.19748394  7.95809459  5.78853702  8.08208153  7.49993463
   2.58734736  4.47950757  2.80185315  5.7472914 ]], [[-1.56550533e-12]]
Processing for step: 16
Next training point is: [[2.08939472 3.27994777 4.31317128 4.47802294 7.75677841 3.53565073
  5.09240558 6.35186594 5.65965811 0.80902051]], [[-1.47122445e-09]]
Processing for step: 17
Next training point is: [[8.91582225 3.49523087 2.93159894 0.60249254 7.09795068 3.87324392
  4.58721768 5.07195096 0.72557607 7.39004351]], [[-4.51718806e-19]]
Processing for step: 18
Next training point is: [[ 3.98461636  2.72110623  7.02920383 10.20016502  6.5168719   5.13203845
   4.56151764  7.94710272  9.7760345   5.6934565 ]], [[-2.68002147e-15]]
Processing for step: 19
Next training point is: [[ 9.26551999 12.04180818 12.13539786  6.38370242  8.46302926  9.15852489
   8.02941294  8.65628934  9.40991791 12.41606582]], [[-3.06516219e-09]]
Processing for step: 20
Next training point is: [[ 6.36253589  3.60624975  2.03770995 12.29262085  1.62294414  5.42813797
   9.43636205  6.54914972  5.93847971 -1.28420234]], [[-3.93361362e-31]]
BO loop is finished.
The 9-th repetition is finished !
Processing for step: 1
Initial step: start from best source point
Next training point is: [[9.95 9.9  9.96 9.96 9.9  9.93 9.9  9.97 9.92 9.94]], [[-0.41951377]]
Processing for step: 2
Next training point is: [[-0.04320177 13.98536304  8.73838668 -1.93203393  6.20114173  2.22670076
  13.52604556  8.38001468 -3.32238638 -0.12756248]], [[-5.92263548e-81]]
Processing for step: 3
Next training point is: [[ 9.73140231  8.34267091 11.79812193  4.11501485 10.25806045 12.13331449
  11.5889007   8.44228047  9.93158413 13.67415944]], [[-5.22813989e-16]]
Processing for step: 4
Next training point is: [[9.80674455 0.66017134 4.39806627 2.48449818 5.90514939 2.29392541
  6.0314621  4.83083787 7.39409412 4.19573353]], [[-2.86243276e-14]]
Processing for step: 5
Next training point is: [[4.38061372 8.40771507 3.45682648 0.83387333 4.4241997  4.69279786
  8.67976872 6.99080715 0.41644822 6.41710589]], [[-5.13716873e-18]]
Processing for step: 6
Next training point is: [[10.57306987  8.34174301  9.96485278  7.54410683 11.82581806 10.67908884
   6.83445032  7.1760917   8.74642482  5.32620119]], [[-2.03469211e-11]]
Processing for step: 7
Next training point is: [[-0.3920726   1.54936755  2.30856978 -0.61343125 -3.49858168  3.841388
   1.17248044 -0.62441154  4.35031926 -3.28040578]], [[-3.83540774e-16]]
Processing for step: 8
Next training point is: [[12.02073473  0.16109743  4.06259463 -3.21443649 10.92389026 -0.57983081
   3.38585358  2.62531692 14.23805308 11.15307575]], [[-9.08447752e-74]]
Processing for step: 9
Next training point is: [[11.09248353 12.81949122  7.01470926 -4.95401461  9.01716341 13.69088058
   8.63468513 -3.43757564  7.3004009  -0.07494388]], [[-1.51627089e-93]]
Processing for step: 10
Next training point is: [[ 7.27968208  6.0558367   4.38392857  5.31058316  5.08571095 -0.32310576
   1.6796477   2.51398592  5.21780987  0.46844823]], [[-5.5020379e-15]]
Processing for step: 11
Next training point is: [[ 8.48914265  5.02088391 11.48848369  8.90084425 10.50679104 10.37905261
   7.41026367 14.29285519  6.05033291  9.10037331]], [[-5.36976405e-16]]
Processing for step: 12
Next training point is: [[-2.71008322  2.75475657 -0.45775681 -0.76876428 -4.86906868 -0.10866319
  -1.10510939  2.82633068  1.55312275  1.29555631]], [[-9.07525241e-13]]
Processing for step: 13
Next training point is: [[-1.57366264  1.29830203 -1.31916211 10.20812948  6.92794437 -4.73545509
   6.96926409  8.01713687  0.23438347  8.38685296]], [[-4.57769151e-57]]
Processing for step: 14
Next training point is: [[ 5.93713235 -1.33148182 -4.41180956 -1.54419475 -1.43875907  0.49454301
  -0.18527877  0.90435352  0.5087905  -0.12675809]], [[-6.60079012e-17]]
Processing for step: 15
Next training point is: [[ 3.29912861  7.45777633  5.59072173  4.04027282  2.18119507  6.73566706
  11.29678103  6.15002681  4.75173627  2.7258146 ]], [[-1.1980652e-16]]
Processing for step: 16
Next training point is: [[4.99820505 5.17016965 6.20300326 4.15912632 9.25520276 4.73798198
  4.29987559 9.75026124 6.93297729 4.26102966]], [[-1.84205443e-11]]
Processing for step: 17
Next training point is: [[6.46381087 6.97561007 1.45985474 5.72473853 2.46890321 8.49999671
  3.26089583 3.35521872 1.36732299 1.59356556]], [[-1.19684671e-15]]
Processing for step: 18
Next training point is: [[ 2.61339963  4.75804918  2.49302165  0.74586931 -2.09251342 -1.78340268
   0.17021209  5.22271105  2.4306686  -0.21326867]], [[-5.08816048e-18]]
Processing for step: 19
Next training point is: [[-2.63937627  3.35763157  5.75006643  4.23057536  4.45735911  5.53202565
   3.39522768  4.95139776  3.05527227  2.18950259]], [[-6.96625779e-16]]
Processing for step: 20
Next training point is: [[12.07735614 14.60975072 11.3733757  13.62585806 12.05128607 -0.24535567
  -3.67912514 13.46262804 -3.39465026 -1.76300092]], [[-6.95492558e-132]]
BO loop is finished.
The 10-th repetition is finished !
Processing for step: 1
Initial step: start from best source point
Next training point is: [[9.95 9.9  9.96 9.96 9.9  9.93 9.9  9.97 9.92 9.94]], [[-0.82825728]]
Processing for step: 2
Next training point is: [[8.74066348 2.66145068 2.39825172 6.87038808 6.08235511 3.94876879
  8.3562652  3.55762841 5.78990681 4.77945727]], [[-5.89244267e-12]]
Processing for step: 3
Next training point is: [[ 8.79489767 12.3249023   8.4106141   7.49032768 10.10932581  6.42211177
   7.63007813 10.96222507  4.1307812   9.27942716]], [[-2.38412713e-14]]
Processing for step: 4
Next training point is: [[5.73615527 4.54482111 7.51445094 6.0980361  0.69770427 6.09314986
  5.22151779 6.91582395 8.20893041 6.62016894]], [[-3.18475374e-13]]
Processing for step: 5
Next training point is: [[ 1.32500349  3.85645018  2.42349149  4.82173036  3.77411219 10.49528737
   5.77630521  4.1435481   5.6248179   7.04294738]], [[-4.94444521e-14]]
Processing for step: 6
Next training point is: [[ 2.14193711 -0.9661153  -2.34668182 -1.6247273   1.23874805 -2.49272326
   4.82628576  1.37558592 -2.51635875 -3.09475044]], [[-7.19417716e-14]]
Processing for step: 7
Next training point is: [[13.18129436  4.72382847  8.30871855  9.75051713 10.38785734 11.36632685
   5.40754632  9.75597624 11.84103553 12.70737021]], [[-1.41428131e-17]]
Processing for step: 8
Next training point is: [[0.99261293 8.55181726 4.8142777  5.7213806  1.50685094 7.74988612
  1.07248709 5.32058079 5.38536964 2.56465456]], [[-3.86110151e-16]]
Processing for step: 9
Next training point is: [[ 6.34350066  8.96545574  3.74374311 10.96312819  9.30136233 12.90366246
   8.50447519  9.10172531 10.88222488  8.12611322]], [[-9.21314018e-17]]
Processing for step: 10
Next training point is: [[ 0.38145341  0.84516022 -3.24076305  2.19387094 -0.66783918  5.10404455
   0.7987873  -3.91989257 -0.57030021 -0.62267284]], [[-5.47224925e-15]]
Processing for step: 11
Next training point is: [[ 3.98669176  6.42734039 -1.04010088 13.30069606  1.77807121 13.1502722
  11.67874725 -2.48232413  9.51425447 10.39084216]], [[-9.4547228e-74]]
Processing for step: 12
Next training point is: [[ 8.83909624  7.63048123 12.54005385  7.96380204 12.36953551  9.60944884
  12.47507747  6.18047374 12.44038147  8.79188925]], [[-8.25237206e-12]]
Processing for step: 13
Next training point is: [[ 5.9846295  -1.43115305  0.37909    -2.37733964 12.61045114 12.65109089
  -3.09067377  9.65304438 -1.52723224  3.02746218]], [[-4.64740233e-80]]
Processing for step: 14
Next training point is: [[ 7.47956842 10.79728392 10.1505916   5.55564997 10.29476637  8.57192514
   5.8781113  10.44228714 12.55597375  6.66513771]], [[-4.3446713e-15]]
Processing for step: 15
Next training point is: [[ 7.88208591 12.09657029 12.62129824 10.30259898 11.82405597 11.32973431
  13.44067033 10.84583016 10.49429199  6.8592495 ]], [[-1.21301696e-10]]
Processing for step: 16
Next training point is: [[ 2.05420799  6.25447138  0.99328516  7.2899858  13.58726728  6.89604078
  -3.67087689 14.58679842  7.45700013  0.97384617]], [[-3.3118436e-65]]
Processing for step: 17
Next training point is: [[ 0.24992463  2.0426227   3.19762632 -3.6967333   2.10402121  0.31078577
   4.55120687  1.1126926  -1.29426451 -2.40468664]], [[-4.87705679e-14]]
Processing for step: 18
Next training point is: [[ 6.72991559  7.9820424  -0.67040526  8.01458078  5.89484045  5.1430412
   3.98060261  4.82450221  6.24950546  5.44424574]], [[-1.78658036e-12]]
Processing for step: 19
Next training point is: [[-0.76555584  0.73912582  3.77732765 -0.20130357 -0.44747947  0.20933888
   2.61776864  3.25384412 -3.71965578 -0.14149928]], [[-5.08549228e-11]]
Processing for step: 20
Next training point is: [[-3.11658377  5.31193697  9.4586965   8.05939011  6.09385887  5.14604567
   6.26004644  4.55622897 -3.69822417 11.87121037]], [[-5.17208485e-49]]
BO loop is finished.
The 11-th repetition is finished !
Processing for step: 1
Initial step: start from best source point
Next training point is: [[9.95 9.9  9.96 9.96 9.9  9.93 9.9  9.97 9.92 9.94]], [[-0.01326728]]
Processing for step: 2
Next training point is: [[ 6.33216787 14.57240252  3.65426231  8.87984874  1.93644379  0.41159317
   9.1615162   3.25914373  7.3930433   8.41798414]], [[-8.00280824e-41]]
Processing for step: 3
Next training point is: [[ 8.6340235  -3.72607857  1.09760675  2.77362861 -1.82994037  8.20904266
  12.26008171 -4.54575562 -4.90393832 10.18271411]], [[-1.66307999e-95]]
Processing for step: 4
Next training point is: [[ 5.99458112 -0.25768374  1.45561717  3.71909608  2.00708991  3.42740193
   5.94014011  8.59181934  2.77750274  5.02156217]], [[-9.66666722e-18]]
Processing for step: 5
Next training point is: [[ 8.79060587 -0.35934108 14.07605608  7.1365611   2.98845859 13.65308079
  10.03794134 -4.6598167  12.03630084 -0.87923261]], [[-5.86285291e-84]]
Processing for step: 6
Next training point is: [[-1.93425638  2.13247586 -4.89155384 -1.59145044  2.22642492  1.7963129
  -3.48598949 -0.41331988  2.11171967  1.44176738]], [[-4.78788351e-14]]
Processing for step: 7
Next training point is: [[12.97135864  9.69688047  5.19143758 12.72174489 10.66703016 12.85468605
  13.59517979  8.16799199  5.99121703 14.21790478]], [[-2.48397278e-22]]
Processing for step: 8
Next training point is: [[2.0814242  6.65017848 3.16903764 4.52175817 7.87962368 5.62366899
  3.35343179 3.12781928 6.26815581 1.22488412]], [[-3.57443057e-09]]
Processing for step: 9
Next training point is: [[9.45264143 4.13913018 4.78460481 5.89696243 5.33461689 3.74665649
  9.66489302 5.99820194 6.01179842 5.16403946]], [[-2.04171387e-11]]
Processing for step: 10
Next training point is: [[5.32699602 2.41424293 5.10573165 7.89165985 1.79031693 2.42772158
  6.74853419 7.15446095 8.82017915 1.78655776]], [[-8.19057391e-14]]
Processing for step: 11
Next training point is: [[13.39149816 12.71774896  5.1971545   6.91950866  7.35101953 -0.2834143
   0.29822264  8.50517484  2.76686447 -0.40056137]], [[-2.75554033e-54]]
Processing for step: 12
Next training point is: [[-0.75530826  2.56275932  1.92888187  1.1111318  -2.85161112  1.2596978
   1.62971877  2.73189625  0.67704177 -3.75300653]], [[-1.68623385e-11]]
Processing for step: 13
Next training point is: [[12.4927637   7.23435192 11.71642395 11.0435217   5.27934803 12.01096849
   7.85773651 10.13217704  8.14374171  9.5242175 ]], [[-1.78895449e-13]]
Processing for step: 14
Next training point is: [[ 2.04498038  3.24996697  0.7056831   1.96434326 -0.76211267 -1.83908723
   0.5318456   0.73851491  2.0799775  -0.03068145]], [[-1.70992007e-08]]
Processing for step: 15
Next training point is: [[ 7.25751046  3.83896845 -4.7332093  14.62002694 10.70972669 14.75754346
   4.4727048  -3.61746555  8.58652202 -0.3210301 ]], [[-1.9096752e-91]]
Processing for step: 16
Next training point is: [[11.642518   10.73323579  8.01627407 14.42074821  8.16390111 13.10426933
   7.63886814 11.87749588 10.68863128 12.11658622]], [[-4.34452067e-13]]
Processing for step: 17
Next training point is: [[ 3.92755267  6.50189104 -0.66782331  7.3541687   6.02492993  3.13596982
   5.31399396  4.73375201  4.68315869  6.10842585]], [[-1.30487385e-11]]
Processing for step: 18
Next training point is: [[-3.55378268 -2.86985205 -2.38653726 -1.49862556 -2.89049767 -2.81550088
  -0.60328393  3.67204666 -0.77876627 -0.73048359]], [[-1.54199071e-12]]
Processing for step: 19
Next training point is: [[ 0.06729157  0.42929265 14.08822324 -0.37133473  7.14298586  2.64804511
  12.04610477  0.09080788 -3.75647446  4.99992506]], [[-4.68002795e-69]]
Processing for step: 20
Next training point is: [[-0.46301891  1.9355753   0.12408696  2.76895644  2.59623622 -0.60351622
   4.58021212 -1.87942302  4.29342695  1.22324834]], [[-2.56119921e-17]]
BO loop is finished.
The 12-th repetition is finished !
Processing for step: 1
Initial step: start from best source point
Next training point is: [[9.95 9.9  9.96 9.96 9.9  9.93 9.9  9.97 9.92 9.94]], [[-0.55117935]]
Processing for step: 2
Next training point is: [[ 0.67990089  3.64823022 -4.64792551  1.7408792  -1.46268576 -2.2130512
  -1.65756102  3.12868572  0.02436375  3.65344886]], [[-1.37048395e-15]]
Processing for step: 3
Next training point is: [[ 6.40774468 13.22845048 -3.26951684  0.42894955 -0.64031689 13.80898144
  13.22111124  5.33378535 -4.77938741 14.53409784]], [[-1.9508277e-113]]
Processing for step: 4
Next training point is: [[10.60821106  5.48847224 12.09235366 10.96293728 10.79396375  2.48884377
  12.52446543 -4.70024276 -0.80462831  0.32445643]], [[-1.25085556e-83]]
Processing for step: 5
Next training point is: [[10.96515198  6.89992588 13.33774514 10.90937392 10.66014838 11.23498902
   8.56710263  7.27508083 10.29010925  9.96921175]], [[-3.65814559e-08]]
Processing for step: 6
Next training point is: [[ 7.46001329  4.2003237  -4.7868385  -1.04822422  3.35699953 -3.23849623
   5.52329394  3.82626213  7.58591492 11.52798741]], [[-6.31158889e-57]]
Processing for step: 7
Next training point is: [[ 7.17768349  4.56184217 10.80981137 -3.89659958 -0.94794251  3.57313736
   5.71795571  9.77880805  6.54997703 -1.26961314]], [[-1.13538633e-48]]
Processing for step: 8
Next training point is: [[-3.12417431  0.76765102  7.17904424 14.19602564  7.3906684  10.0047321
  13.72933634 14.57659895 11.38470957  1.1992657 ]], [[-7.03126827e-89]]
Processing for step: 9
Next training point is: [[ 3.20513002 -0.04152251 -3.95752885 -2.47188732 -2.01783977  1.62592982
   1.28247734  3.35311384 -0.63632615  2.58546204]], [[-2.72676006e-13]]
Processing for step: 10
Next training point is: [[10.37065926  8.05704725  7.3606467   7.4554943  10.71272495  9.94819482
  11.10094735  7.01871153 13.54933028 10.16000814]], [[-1.19910912e-09]]
Processing for step: 11
Next training point is: [[ 7.96017049  6.28871805 -2.23100518  6.34440084  1.43758655 12.23418245
   2.43296901 -2.11895273  4.36754941 11.26056903]], [[-5.64008168e-51]]
Processing for step: 12
Next training point is: [[13.44943699 10.26880079 11.87466983  8.73077819  9.21843616 11.14760226
   4.21590717 10.39291547 11.93907805 13.9420312 ]], [[-3.0601234e-15]]
Processing for step: 13
Next training point is: [[-1.04622946 -4.768793    3.98206549  9.25157957 -4.42198189  5.56249535
   8.37167496  3.07203089  1.29652644 -0.94155415]], [[-6.09060254e-60]]
Processing for step: 14
Next training point is: [[-2.65596052  3.32776966 -2.94035465 -1.94895178  2.77300173  3.20895706
  -1.17889232  9.33595828 12.51772111  3.82275035]], [[-7.5482585e-62]]
Processing for step: 15
Next training point is: [[ 8.41688619  4.86741735  6.57860955  6.63061859  7.86849458  5.88307886
   4.92486826  6.13258497 10.42868706  2.13431015]], [[-7.68205702e-16]]
Processing for step: 16
Next training point is: [[ 3.81316043  7.64422639  3.28839051  7.28926487  2.08607079 11.64570964
   7.10674676 10.05085396  4.21996434  0.02252059]], [[-8.4761315e-26]]
Processing for step: 17
Next training point is: [[4.64777727 6.90799458 5.87629816 7.18995722 5.07940027 2.98523554
  6.32890995 9.41184229 3.31974103 0.57396665]], [[-2.31774074e-12]]
Processing for step: 18
Next training point is: [[-3.0004386   3.82448839  4.85385596  6.06656709 -0.77328966  3.2273634
  -1.01545467  0.87840835  1.00760977  3.45229962]], [[-1.05065668e-24]]
Processing for step: 19
Next training point is: [[ 3.0922695   1.54996902  3.60299086  4.28995937  5.49328308  5.05129654
   4.03361377 10.11607026  7.53723766  7.37068607]], [[-6.51610398e-12]]
Processing for step: 20
Next training point is: [[10.02063761 13.58525638 13.11520297  8.73313733 12.57708818  8.76268034
  10.60601293  9.37097175  7.79629541 14.01508746]], [[-9.53206629e-13]]
BO loop is finished.
The 13-th repetition is finished !
Processing for step: 1
Initial step: start from best source point
Next training point is: [[9.95 9.9  9.96 9.96 9.9  9.93 9.9  9.97 9.92 9.94]], [[-0.03959968]]
Processing for step: 2
Next training point is: [[ 7.08097484  4.01984935  3.35742679  4.16030331 -0.88524288  4.2122176
   3.87989274  7.23832198  5.27196703  1.09910417]], [[-2.69603853e-15]]
Processing for step: 3
Next training point is: [[ 3.72967295  8.40504442  6.58763661 -1.01478324  3.46599848  3.35432513
   4.03314142  5.03993368  4.87714848  8.27706082]], [[-3.61298665e-15]]
Processing for step: 4
Next training point is: [[0.91591696 9.26930905 3.78034112 6.52010619 6.65327956 4.58145685
  4.60370743 2.18871142 3.5749848  5.03940108]], [[-5.38704607e-13]]
Processing for step: 5
Next training point is: [[ 0.90535191  1.35143079  0.81396484 -1.22741096  3.14365036  1.31172741
  -0.12101201 -2.27625037  0.69037701 -0.21922288]], [[-3.67835305e-06]]
Processing for step: 6
Next training point is: [[8.98646383 7.70865099 8.86066262 4.83251874 5.83215724 0.79085275
  6.99096468 4.66535327 6.99839547 3.28569602]], [[-9.90083595e-17]]
Processing for step: 7
Next training point is: [[13.69530128  2.88988999 10.29335312  0.96709596 12.82182403  6.06233131
   1.4493211   8.21492586  7.37197229  4.12787476]], [[-1.65719409e-48]]
Processing for step: 8
Next training point is: [[10.33308795  5.46151671  5.15903482  6.24830479  3.39507752  6.18419017
   5.71642074  4.58434561  5.45787653  7.70302294]], [[-8.13657319e-10]]
Processing for step: 9
Next training point is: [[5.72299437 1.9471032  2.61481378 1.1938109  2.24866967 3.79608901
  3.82762442 2.57924533 4.24796866 5.69254447]], [[-1.06930036e-09]]
Processing for step: 10
Next training point is: [[ 5.57053182  0.96947313 -4.04156433  3.46923535  3.11970878 -3.04949667
   0.32324449 -1.47492897  8.74634005  5.34757359]], [[-1.59253046e-40]]
Processing for step: 11
Next training point is: [[ 7.25630888  4.74275969  4.43626374  6.07449745  4.83086478  7.82185111
   5.12067528  1.1581864  10.54512641  4.63931727]], [[-7.3981657e-14]]
Processing for step: 12
Next training point is: [[-1.82547976 -3.81473408 -1.73622916  0.30197719  2.16781524 -1.99269981
  -2.80043592  1.24558249 -4.2356073   0.46674124]], [[-1.15099987e-13]]
Processing for step: 13
Next training point is: [[ 8.74886554 -1.06645053  4.47726082  7.35609879 -2.38738433 -3.62786262
  -1.98432821  4.40511943  6.23361826  9.76346749]], [[-1.66909061e-56]]
Processing for step: 14
Next training point is: [[ 2.83010916  6.45292272 -1.88287453  1.10900406  5.56252408 -4.53891858
   1.52484567 -3.5932331   3.15963109 -3.59470393]], [[-2.04850969e-31]]
Processing for step: 15
Next training point is: [[ 9.98851484  9.99331549 11.6819717  10.19000915 14.39543832 10.07593198
  13.56267778 13.71419945 10.71924612  6.76975703]], [[-1.51773576e-15]]
Processing for step: 16
Next training point is: [[10.53511227  6.16741653  9.42538118 13.52146299 12.5160555   7.06163971
  10.83714718 11.54716881  8.66931751  9.76968071]], [[-5.44821233e-12]]
Processing for step: 17
Next training point is: [[-1.23412727  4.54293981 11.2783216   6.05014557 11.2577048   9.44885586
  11.23911114 13.18341076 12.51195987  6.78033246]], [[-1.12292226e-45]]
Processing for step: 18
Next training point is: [[10.85384214 11.86199049  9.18505325 12.6476798   3.68018718  9.56585473
  11.23648248  8.02154154  9.34538231 10.65612411]], [[-4.62517284e-15]]
Processing for step: 19
Next training point is: [[12.88352706 -1.31858833 -0.52565225  3.72982321  6.13633877  7.05459764
   1.81529489  6.28562953 11.02588789 -0.71063686]], [[-5.04513704e-48]]
Processing for step: 20
Next training point is: [[-3.7136321  -0.59359746  0.75501649 -1.13465946  2.08827768  2.902941
   2.49243493 -4.0102502  -2.5653835   1.00667711]], [[-2.85111983e-15]]
BO loop is finished.
The 14-th repetition is finished !
Processing for step: 1
Initial step: start from best source point
Next training point is: [[9.95 9.9  9.96 9.96 9.9  9.93 9.9  9.97 9.92 9.94]], [[-0.52201351]]
Processing for step: 2
Next training point is: [[ 9.96365346  0.10864148 13.84693689 -0.87495248  5.10997892  6.82303556
   0.71336646 13.26142485  9.77104225  3.91332245]], [[-4.40909378e-62]]
Processing for step: 3
Next training point is: [[ 1.06215333  1.47225662 -0.79418934 -3.31426364  2.72564458 -2.11281498
   1.48218037 -2.13262412 -2.27564585 -1.89434616]], [[-9.09531605e-10]]
Processing for step: 4
Next training point is: [[14.37215701  9.07201808  6.70818081 -3.80090484  0.71989782  5.10880667
   4.54863151 14.14254024 -3.59138     7.5622195 ]], [[-1.17021314e-79]]
Processing for step: 5
Next training point is: [[3.06989805 5.30660308 1.97503231 4.19047392 0.55810361 8.49226384
  8.03170473 3.06366749 2.49003983 4.34867811]], [[-9.18398868e-16]]
Processing for step: 6
Next training point is: [[-1.67259186  1.94901783 -1.09739004  1.83428757  2.02103993 -0.23187569
  -1.81639838  0.074305    3.82875269  2.26002948]], [[-1.28048829e-08]]
Processing for step: 7
Next training point is: [[ 7.39423836 -3.10336916  5.07886834  6.27244415 -2.57090416 12.71341071
   4.32754605  7.79049941  8.35557939 14.43010318]], [[-6.17060699e-67]]
Processing for step: 8
Next training point is: [[ 0.59034146  1.47482036 -1.25140926 -1.22102075 -2.82885991  4.2546088
  -2.29823431 -4.07394215 -0.19170373  3.73221138]], [[-1.34910329e-14]]
Processing for step: 9
Next training point is: [[2.67329961 3.87218235 0.45136389 3.00451083 2.28595095 7.73300231
  3.383678   7.56493877 7.39041504 2.74762237]], [[-9.85919838e-16]]
Processing for step: 10
Next training point is: [[5.62985831 3.89806502 7.66523907 6.19913484 0.24172616 4.42520018
  6.03488048 3.14771999 8.46814663 0.4847194 ]], [[-3.29569151e-18]]
Processing for step: 11
Next training point is: [[14.28372543 -2.90325105 11.28794889 13.76632052  2.85239039  6.40996198
   0.70265171  2.12504755  5.07766445 -3.62176201]], [[-3.22682361e-89]]
Processing for step: 12
Next training point is: [[5.40887511 7.55990491 0.15287231 3.0477864  1.19612706 2.31622825
  6.02998488 4.1480624  6.74779042 6.70894999]], [[-1.03771314e-13]]
Processing for step: 13
Next training point is: [[ 8.22866554  8.16115749  6.74776912  9.26064173  9.65895376 12.87056907
   8.55326299  7.9807858   7.76793392 12.84997391]], [[-1.44614755e-09]]
Processing for step: 14
Next training point is: [[-4.05624736 12.78610506  8.65677345  1.93306181  3.56674577 10.11201467
  -1.43343836  8.26808415  5.92224221  8.3895438 ]], [[-4.18657786e-57]]
Processing for step: 15
Next training point is: [[6.00954058 8.25793698 5.30903728 3.2589023  6.26427783 1.1867178
  2.74826944 6.18426392 8.20866596 7.15657191]], [[-7.66874992e-12]]
Processing for step: 16
Next training point is: [[ 3.03670951  0.30670703  1.1311873   2.78471368 -0.61191645  1.37316786
   2.51908227  0.57285236  0.03624592 -2.94645507]], [[-3.17932911e-10]]
Processing for step: 17
Next training point is: [[12.88801019  9.45530918  5.29834773 10.73339069  7.97058527  9.34267551
   7.33867544  8.80699107  7.91944829  7.72089132]], [[-1.60634031e-12]]
Processing for step: 18
Next training point is: [[11.39776903  8.72462097  8.55533503 10.06142797 11.385664   10.86486329
  11.81961287  7.71843949 13.3732075  13.52831884]], [[-5.54542231e-10]]
Processing for step: 19
Next training point is: [[ 2.34386662 -3.16750815 -0.71300716  0.47783021  1.61869484 -2.57574264
   1.77030179 -4.0544152   0.20149533  1.49848274]], [[-2.34592411e-11]]
Processing for step: 20
Next training point is: [[-1.34232997 -0.19526154  0.59506685 -1.35015806 -2.95103947 -0.516747
   2.69295235  5.01392033 -1.2301771  -1.99113248]], [[-5.26940086e-13]]
BO loop is finished.
The 15-th repetition is finished !
Processing for step: 1
Initial step: start from best source point
Next training point is: [[9.95 9.9  9.96 9.96 9.9  9.93 9.9  9.97 9.92 9.94]], [[-0.53701057]]
Processing for step: 2
Next training point is: [[4.53693803 2.11945103 9.94704966 4.89551496 5.21989796 8.98126226
  7.63481959 3.96339144 4.25197891 3.63487979]], [[-3.72290612e-15]]
Processing for step: 3
Next training point is: [[14.6681964  14.44057458  1.76753908 11.38253187 -0.51097283  5.01276626
  -4.8194553   7.63131184  9.09082068  4.32702009]], [[-6.39697936e-81]]
Processing for step: 4
Next training point is: [[ 6.06649419e-02  9.08255867e-01  5.63029568e-01  1.94145243e+00
   1.94228882e-03 -3.28715883e+00 -3.42444438e+00 -4.04937633e+00
  -2.43926133e+00 -7.82770341e-01]], [[-5.60986298e-12]]
Processing for step: 5
Next training point is: [[ 7.60825551 12.13070293 11.01499214  8.40582163 11.93106161  5.73997577
   7.19892689 12.67706927  9.92703555  8.94190423]], [[-3.42124511e-12]]
Processing for step: 6
Next training point is: [[ 7.98361521 -0.12931969 14.82619078 10.22837698  0.35229134  6.97930311
   6.86878899 -4.61059742  7.62594003  2.7928291 ]], [[-2.26385464e-64]]
Processing for step: 7
Next training point is: [[-1.14345256 -3.02150829 -1.23892582 -0.7122357  -2.32985704  4.53736555
  -0.60335389  0.69141398  4.0046458   1.96557328]], [[-8.05291176e-13]]
Processing for step: 8
Next training point is: [[-1.03734574 -1.15992781  4.25783327  1.8708669  -3.8425949  -1.93876656
  -3.44207962 -1.60819443 -2.02177956  1.79500373]], [[-4.49111924e-15]]
Processing for step: 9
Next training point is: [[ 5.43566662 11.56372674  9.33561835 11.22163535  7.06348525 11.31315418
   8.78768206  7.03068864  9.92571849  9.50989475]], [[-3.01975055e-10]]
Processing for step: 10
Next training point is: [[10.09251182 13.30974774  6.8012573  10.64243523 10.43236289  8.92091951
  13.88529574  8.80152118  8.3387221  14.00096293]], [[-9.65061616e-12]]
Processing for step: 11
Next training point is: [[-0.49398847 -2.18789911  2.73738788 -2.28304371  0.33581726 -2.75558449
   0.27664808 -3.44932145  1.78256461  0.15327521]], [[-7.17011796e-11]]
Processing for step: 12
Next training point is: [[10.60690121 -0.75098469 14.70152629  1.18567609 -4.78563822 -4.88695079
  13.82167147  1.38859083  8.57467707 12.99481119]], [[-2.99324907e-114]]
Processing for step: 13
Next training point is: [[ 1.4469322  -4.49078379  0.16489401 -0.26890485 -2.75607958  1.01413566
  -3.83143635 -2.90041293  3.44216624 -2.65263003]], [[-1.51849106e-15]]
Processing for step: 14
Next training point is: [[ 9.75657771  9.48087963  6.71020025 10.02436055  7.11326522  5.22319976
  12.0229125  11.75118625  7.63033489 11.98807762]], [[-3.57337918e-12]]
Processing for step: 15
Next training point is: [[ 1.61936497  3.50392271 -0.81322398 -2.83003546 -1.94648618  1.1846017
  -1.56976797  3.79462589  3.73320552 -0.88981193]], [[-7.27549319e-14]]
Processing for step: 16
Next training point is: [[4.09059227 5.65849538 7.01606473 5.29675049 3.31796497 2.76127139
  4.55977349 2.49397807 0.92974238 6.01354373]], [[-7.15241848e-08]]
Processing for step: 17
Next training point is: [[14.47876614 -3.2966886   5.1148902   3.83500963 10.95824665 -2.89404372
  14.95324417  8.15085436  7.92168774  1.62079246]], [[-1.5820648e-86]]
Processing for step: 18
Next training point is: [[11.26489244  8.75134997  4.70483329  9.88421827  9.13457011 12.43150329
   9.99531154  4.8663769  10.62177056  8.14349523]], [[-1.28720438e-16]]
Processing for step: 19
Next training point is: [[ 3.95205244  3.19001645  6.24963666  5.60738629  5.3273373   5.02311107
   3.12675546 10.09325517 10.25709202  4.16299125]], [[-6.36282289e-16]]
Processing for step: 20
Next training point is: [[ 9.56819843  3.14459325  7.42473335  6.56014728  6.15682689 12.35725536
  -2.8337735  -0.16416921  7.28525292 -2.47239167]], [[-1.08556259e-54]]
BO loop is finished.
The 16-th repetition is finished !
Processing for step: 1
Initial step: start from best source point
Next training point is: [[9.95 9.9  9.96 9.96 9.9  9.93 9.9  9.97 9.92 9.94]], [[-0.65569746]]
Processing for step: 2
Next training point is: [[ 6.24402665  9.83676676  9.12417329 12.23719029 13.76994929  5.60598122
   7.95647082 11.00718349 10.98180189 10.88928592]], [[-9.48598611e-16]]
Processing for step: 3
Next training point is: [[-1.23629974  3.84775186  2.27644985 -0.98325027 -1.02350839  0.84733167
  -0.37301399  1.1432387   3.66788321 -0.9577462 ]], [[-2.43124166e-10]]
Processing for step: 4
Next training point is: [[ 7.46526914 12.29073965 14.04188237  9.58816526 12.3536301   9.43991084
  11.94357133  9.22735639  8.92234185 14.745466  ]], [[-1.0651794e-15]]
Processing for step: 5
Next training point is: [[-1.68886055e-03  4.52987360e+00  9.31877894e+00  8.50632922e+00
   1.43623069e+01  6.66008082e-01  1.29811892e+01  1.27377574e+01
   4.76161687e-01  5.62347070e+00]], [[-5.10410219e-67]]
Processing for step: 6
Next training point is: [[ 2.42696872 -1.31899326  0.05664065  3.04519203  3.23123987 -0.90511531
  -0.08046261 -0.23521739 -1.18254076 -0.0311633 ]], [[-3.12111421e-09]]
Processing for step: 7
Next training point is: [[ 1.84406339  7.15618542  8.73341661  9.51422088 -3.31849927 13.73234789
  12.58538218 13.56420617 -0.84523573  6.08347513]], [[-5.40038693e-80]]
Processing for step: 8
Next training point is: [[ 0.78213129 -1.53019862 14.23767937  1.45429366  0.67122584 11.12989124
   2.63624955 13.10329621 -3.75382483  0.01679728]], [[-2.95685063e-85]]
Processing for step: 9
Next training point is: [[ 0.89861009 -0.22776152 -2.45532377  4.70937177  2.65792623  1.6635615
  -1.4792638  -0.84125358 -1.86654591  1.95867673]], [[-2.29489988e-13]]
Processing for step: 10
Next training point is: [[ 3.25039452 10.01575366  0.9644625  -3.48740992 10.29644684  3.3292131
   3.55256563  7.57482463 -3.03248653  6.00384582]], [[-9.41342836e-46]]
Processing for step: 11
Next training point is: [[0.81157331 3.32942929 1.6723746  7.696781   2.81879182 2.10981963
  4.90942994 3.33927336 2.54811744 6.37435764]], [[-7.18962675e-14]]
Processing for step: 12
Next training point is: [[ 3.58854847  4.50400801  3.6802986   5.4264999   2.27438872  7.18376086
   7.50847499 10.33249112  4.18297493  6.35597818]], [[-1.43837628e-12]]
Processing for step: 13
Next training point is: [[ 1.29980883  3.48107794 12.28860437  8.99281512 -3.25356475  5.19455434
  -3.42235314  1.13509551 -1.4813467  -4.85381029]], [[-1.97435009e-70]]
Processing for step: 14
Next training point is: [[-0.82804619  0.27832809 -1.15686907  2.47158613  2.08356693  2.50380245
   0.28750212  0.77139007  4.33887967  0.16206184]], [[-1.63698132e-10]]
Processing for step: 15
Next training point is: [[11.56409832 11.2430928   4.47814166 11.34213738  6.13851155 -1.21415418
   5.41400031  9.87557287 -3.98965065 -3.16415412]], [[-3.79075521e-70]]
Processing for step: 16
srun: forcing job termination
srun: Job step aborted: Waiting up to 32 seconds for job step to finish.
slurmstepd: error: *** STEP 32324313.0 ON cn016 CANCELLED AT 2025-05-07T00:50:39 ***
srun: error: cn016: task 0: Killed
